C:\USERS\F17MC\DESKTOP\JUEGO\JUEGO ARKANOID V4 PLANO\TMP\DEBUG\BLOQUE.OBJ
C:\USERS\F17MC\DESKTOP\JUEGO\JUEGO ARKANOID V4 PLANO\TMP\DEBUG\BLOQUEDOBLE.OBJ
C:\USERS\F17MC\DESKTOP\JUEGO\JUEGO ARKANOID V4 PLANO\TMP\DEBUG\CAJA.OBJ
C:\USERS\F17MC\DESKTOP\JUEGO\JUEGO ARKANOID V4 PLANO\TMP\DEBUG\COLORRGB.OBJ
C:\USERS\F17MC\DESKTOP\JUEGO\JUEGO ARKANOID V4 PLANO\TMP\DEBUG\COORDINADOR.OBJ
C:\USERS\F17MC\DESKTOP\JUEGO\JUEGO ARKANOID V4 PLANO\TMP\DEBUG\ESFERA.OBJ
C:\USERS\F17MC\DESKTOP\JUEGO\JUEGO ARKANOID V4 PLANO\TMP\DEBUG\FICHA.OBJ
C:\USERS\F17MC\DESKTOP\JUEGO\JUEGO ARKANOID V4 PLANO\TMP\DEBUG\INTERACCION.OBJ
C:\USERS\F17MC\DESKTOP\JUEGO\JUEGO ARKANOID V4 PLANO\TMP\DEBUG\LISTABLOQUES.OBJ
C:\USERS\F17MC\DESKTOP\JUEGO\JUEGO ARKANOID V4 PLANO\TMP\DEBUG\MUNDO.OBJ
C:\USERS\F17MC\DESKTOP\JUEGO\JUEGO ARKANOID V4 PLANO\TMP\DEBUG\OBJETOMOVIL.OBJ
C:\USERS\F17MC\DESKTOP\JUEGO\JUEGO ARKANOID V4 PLANO\TMP\DEBUG\PANG.OBJ
C:\USERS\F17MC\DESKTOP\JUEGO\JUEGO ARKANOID V4 PLANO\TMP\DEBUG\PARED.OBJ
C:\USERS\F17MC\DESKTOP\JUEGO\JUEGO ARKANOID V4 PLANO\TMP\DEBUG\PLANOBLOQUE.OBJ
C:\USERS\F17MC\DESKTOP\JUEGO\JUEGO ARKANOID V4 PLANO\TMP\DEBUG\PUNTOS.OBJ
C:\USERS\F17MC\DESKTOP\JUEGO\JUEGO ARKANOID V4 PLANO\TMP\DEBUG\VECTOR2D.OBJ
C:\USERS\F17MC\DESKTOP\JUEGO\JUEGO ARKANOID V4 PLANO\TMP\DEBUG\VIDAS.OBJ
C:\USERS\F17MC\DESKTOP\JUEGO\JUEGO ARKANOID V4 PLANO\TMP\DEBUG\VC110.PDB
C:\USERS\F17MC\DESKTOP\JUEGO\JUEGO ARKANOID V4 PLANO\BIN\PANG.ILK
C:\USERS\F17MC\DESKTOP\JUEGO\JUEGO ARKANOID V4 PLANO\BIN\PANG.EXE
C:\USERS\F17MC\DESKTOP\JUEGO\JUEGO ARKANOID V4 PLANO\BIN\PANG.PDB
C:\Users\F17MC\Desktop\Juego\JUEGO ARKANOID V4 plano\tmp\Debug\Bloque.obj
C:\Users\F17MC\Desktop\Juego\JUEGO ARKANOID V4 plano\tmp\Debug\BloqueDoble.obj
C:\Users\F17MC\Desktop\Juego\JUEGO ARKANOID V4 plano\tmp\Debug\Caja.obj
C:\Users\F17MC\Desktop\Juego\JUEGO ARKANOID V4 plano\tmp\Debug\ColorRGB.obj
C:\Users\F17MC\Desktop\Juego\JUEGO ARKANOID V4 plano\tmp\Debug\Coordinador.obj
C:\Users\F17MC\Desktop\Juego\JUEGO ARKANOID V4 plano\tmp\Debug\Esfera.obj
C:\Users\F17MC\Desktop\Juego\JUEGO ARKANOID V4 plano\tmp\Debug\Ficha.obj
C:\Users\F17MC\Desktop\Juego\JUEGO ARKANOID V4 plano\tmp\Debug\Interaccion.obj
C:\Users\F17MC\Desktop\Juego\JUEGO ARKANOID V4 plano\tmp\Debug\ListaBloques.obj
C:\Users\F17MC\Desktop\Juego\JUEGO ARKANOID V4 plano\tmp\Debug\Mundo.obj
C:\Users\F17MC\Desktop\Juego\JUEGO ARKANOID V4 plano\tmp\Debug\ObjetoMovil.obj
C:\Users\F17MC\Desktop\Juego\JUEGO ARKANOID V4 plano\tmp\Debug\Pang.obj
C:\Users\F17MC\Desktop\Juego\JUEGO ARKANOID V4 plano\tmp\Debug\Pared.obj
C:\Users\F17MC\Desktop\Juego\JUEGO ARKANOID V4 plano\tmp\Debug\Planobloque.obj
C:\Users\F17MC\Desktop\Juego\JUEGO ARKANOID V4 plano\tmp\Debug\Puntos.obj
C:\Users\F17MC\Desktop\Juego\JUEGO ARKANOID V4 plano\tmp\Debug\Vector2D.obj
C:\Users\F17MC\Desktop\Juego\JUEGO ARKANOID V4 plano\tmp\Debug\vidas.obj
C:\Users\F17MC\Desktop\Juego\JUEGO ARKANOID V4 plano\tmp\Debug\cl.command.1.tlog
C:\Users\F17MC\Desktop\Juego\JUEGO ARKANOID V4 plano\tmp\Debug\CL.read.1.tlog
C:\Users\F17MC\Desktop\Juego\JUEGO ARKANOID V4 plano\tmp\Debug\CL.write.1.tlog
C:\Users\F17MC\Desktop\Juego\JUEGO ARKANOID V4 plano\tmp\Debug\link-cvtres.read.1.tlog
C:\Users\F17MC\Desktop\Juego\JUEGO ARKANOID V4 plano\tmp\Debug\link-cvtres.write.1.tlog
C:\Users\F17MC\Desktop\Juego\JUEGO ARKANOID V4 plano\tmp\Debug\link-rc.read.1.tlog
C:\Users\F17MC\Desktop\Juego\JUEGO ARKANOID V4 plano\tmp\Debug\link-rc.write.1.tlog
C:\Users\F17MC\Desktop\Juego\JUEGO ARKANOID V4 plano\tmp\Debug\link.command.1.tlog
C:\Users\F17MC\Desktop\Juego\JUEGO ARKANOID V4 plano\tmp\Debug\link.read.1.tlog
C:\Users\F17MC\Desktop\Juego\JUEGO ARKANOID V4 plano\tmp\Debug\link.write.1.tlog
C:\Users\F17MC\Desktop\Juego\JUEGO ARKANOID V4 plano\tmp\Debug\vc110.idb
C:\Users\F17MC\Desktop\Juego\JUEGO ARKANOID V4 plano\tmp\Debug\vc110.pdb
C:\Users\F17MC\Desktop\Juego\JUEGO ARKANOID V4 plano\bin\Pang.pdb
C:\Users\F17MC\Desktop\Juego\JUEGO ARKANOID V4 plano\bin\Pang.exe
C:\Users\F17MC\Desktop\Juego\JUEGO ARKANOID V4 plano\bin\Pang.ilk
