  Bloque.cpp
  BloqueDoble.cpp
  Caja.cpp
C:\Users\dromero\Desktop\A\Arkanoid Final\src\Caja.cpp(41,52): warning C4305:  'argumento': truncamiento de 'double' a 'GLfloat'
C:\Users\dromero\Desktop\A\Arkanoid Final\src\Caja.cpp(42,51): warning C4305:  'argumento': truncamiento de 'double' a 'GLfloat'
C:\Users\dromero\Desktop\A\Arkanoid Final\src\Caja.cpp(43,51): warning C4305:  'argumento': truncamiento de 'double' a 'GLfloat'
  ColorRGB.cpp
  Coordinador.cpp
  Esfera.cpp
  Ficha.cpp
  Interaccion.cpp
  ListaBloques.cpp
  Mundo.cpp
  ObjetoMovil.cpp
  Pang.cpp
  Pared.cpp
  Planobloque.cpp
  Puntos.cpp
  Vector2D.cpp
  vidas.cpp
  Generando código...
C:\Users\dromero\Desktop\A\Arkanoid Final\src\Caja.cpp(44,52): warning C4305:  'argumento': truncamiento de 'double' a 'GLfloat'
  Pang.vcxproj -> C:\Users\dromero\Desktop\A\Arkanoid Final\bin\Pang.exe
